<?xml version="1.0" encoding="UTF-8"?>
<!-- Generated by org.testng.reporters.JUnitReportReporter -->
<testsuite hostname="LAPTOP-2D0MJJ4C" failures="0" tests="3" name="restassuredTest2.DummyJsonGet" time="3.417" errors="0" timestamp="2024-06-12T12:16:26 IST" skipped="0">
  <testcase classname="restassuredTest2.DummyJsonGet" name="checkwithResponse" time="0.761"/>
  <system-out/>
  <testcase classname="restassuredTest2.DummyJsonGet" name="checkStatusCode" time="1.447"/>
  <system-out/>
  <testcase classname="restassuredTest2.DummyJsonGet" name="checkTitle" time="1.209"/>
  <system-out/>
</testsuite> <!-- restassuredTest2.DummyJsonGet -->
