<?xml version="1.0" encoding="UTF-8"?>
<!-- Generated by org.testng.reporters.JUnitReportReporter -->
<testsuite hostname="LAPTOP-2D0MJJ4C" failures="0" tests="2" name="restassuredTest2.Error404" time="2.565" errors="0" timestamp="2023-09-07T10:20:14 IST" skipped="0">
  <testcase classname="restassuredTest2.Error404" name="check404Code" time="1.623"/>
  <system-out/>
  <testcase classname="restassuredTest2.Error404" name="checkOutput" time="0.942"/>
  <system-out/>
</testsuite> <!-- restassuredTest2.Error404 -->
