<?xml version="1.0" encoding="UTF-8"?>
<!-- Generated by org.testng.reporters.JUnitReportReporter -->
<testsuite hostname="LAPTOP-2D0MJJ4C" failures="1" tests="13" name="restassuredTest2.DummyJsonGetProduct1$DummyJsonGet" time="12.201" errors="0" timestamp="2025-09-21T19:01:35 IST" skipped="0">
  <testcase classname="restassuredTest2.DummyJsonGetProduct1$DummyJsonGet" name="checkwithResponse" time="0.797"/>
  <system-out/>
  <testcase classname="restassuredTest2.DummyJsonGetProduct1$DummyJsonGet" name="checkTitlecontainString" time="0.836"/>
  <system-out/>
  <testcase classname="restassuredTest2.DummyJsonGetProduct1$DummyJsonGet" name="CheckStock" time="0.822"/>
  <system-out/>
  <testcase classname="restassuredTest2.DummyJsonGetProduct1$DummyJsonGet" name="CheckDiscountPercentage" time="0.286"/>
  <system-out/>
  <testcase classname="restassuredTest2.DummyJsonGetProduct1$DummyJsonGet" name="checkPrice" time="0.296"/>
  <system-out/>
  <testcase classname="restassuredTest2.DummyJsonGetProduct1$DummyJsonGet" name="checkCategoryIgnoreCase" time="0.331"/>
  <system-out/>
  <testcase classname="restassuredTest2.DummyJsonGetProduct1$DummyJsonGet" name="checkStatusCode" time="0.732"/>
  <system-out/>
  <testcase classname="restassuredTest2.DummyJsonGetProduct1$DummyJsonGet" name="checkTitle" time="0.739"/>
  <system-out/>
  <testcase classname="restassuredTest2.DummyJsonGetProduct1$DummyJsonGet" name="CheckRating" time="0.775"/>
  <system-out/>
  <testcase classname="restassuredTest2.DummyJsonGetProduct1$DummyJsonGet" name="checkTitleStartsWith" time="2.106"/>
  <system-out/>
  <testcase classname="restassuredTest2.DummyJsonGetProduct1$DummyJsonGet" name="checkTitleEndsWith" time="0.829"/>
  <system-out/>
  <testcase classname="restassuredTest2.DummyJsonGetProduct1$DummyJsonGet" name="checkDesc" time="1.345">
    <failure message="1 expectation failed.
JSON path description doesn&#039;t match.
Expected: iterable containing [&quot;Essence&quot;]
  Actual: The Essence Mascara Lash Princess is a popular mascara known for its volumizing and lengthening effects. Achieve dramatic lashes with this long-lasting and cruelty-free formula.
" type="java.lang.AssertionError">
      <![CDATA[java.lang.AssertionError: 1 expectation failed.
JSON path description doesn't match.
Expected: iterable containing ["Essence"]
  Actual: The Essence Mascara Lash Princess is a popular mascara known for its volumizing and lengthening effects. Achieve dramatic lashes with this long-lasting and cruelty-free formula.

at java.base/jdk.internal.reflect.NativeConstructorAccessorImpl.newInstance0(Native Method)
at java.base/jdk.internal.reflect.NativeConstructorAccessorImpl.newInstance(NativeConstructorAccessorImpl.java:64)
at java.base/jdk.internal.reflect.DelegatingConstructorAccessorImpl.newInstance(DelegatingConstructorAccessorImpl.java:45)
at java.base/java.lang.reflect.Constructor.newInstanceWithCaller(Constructor.java:500)
at java.base/java.lang.reflect.Constructor.newInstance(Constructor.java:481)
at org.codehaus.groovy.reflection.CachedConstructor.invoke(CachedConstructor.java:72)
at org.codehaus.groovy.reflection.CachedConstructor.doConstructorInvoke(CachedConstructor.java:59)
at org.codehaus.groovy.runtime.callsite.ConstructorSite$ConstructorSiteNoUnwrap.callConstructor(ConstructorSite.java:84)
at org.codehaus.groovy.runtime.callsite.CallSiteArray.defaultCallConstructor(CallSiteArray.java:59)
at org.codehaus.groovy.runtime.callsite.AbstractCallSite.callConstructor(AbstractCallSite.java:263)
at org.codehaus.groovy.runtime.callsite.AbstractCallSite.callConstructor(AbstractCallSite.java:277)
at io.restassured.internal.ResponseSpecificationImpl$HamcrestAssertionClosure.validate(ResponseSpecificationImpl.groovy:499)
at io.restassured.internal.ResponseSpecificationImpl$HamcrestAssertionClosure$validate$1.call(Unknown Source)
at io.restassured.internal.ResponseSpecificationImpl.validateResponseIfRequired(ResponseSpecificationImpl.groovy:684)
at java.base/jdk.internal.reflect.NativeMethodAccessorImpl.invoke0(Native Method)
at java.base/jdk.internal.reflect.NativeMethodAccessorImpl.invoke(NativeMethodAccessorImpl.java:64)
at java.base/jdk.internal.reflect.DelegatingMethodAccessorImpl.invoke(DelegatingMethodAccessorImpl.java:43)
at java.base/java.lang.reflect.Method.invoke(Method.java:564)
at org.codehaus.groovy.runtime.callsite.PlainObjectMetaMethodSite.doInvoke(PlainObjectMetaMethodSite.java:43)
at org.codehaus.groovy.runtime.callsite.PogoMetaMethodSite$PogoCachedMethodSiteNoUnwrapNoCoerce.invoke(PogoMetaMethodSite.java:193)
at org.codehaus.groovy.runtime.callsite.PogoMetaMethodSite.callCurrent(PogoMetaMethodSite.java:61)
at org.codehaus.groovy.runtime.callsite.AbstractCallSite.callCurrent(AbstractCallSite.java:185)
at io.restassured.internal.ResponseSpecificationImpl.body(ResponseSpecificationImpl.groovy:262)
at io.restassured.specification.ResponseSpecification$body$0.callCurrent(Unknown Source)
at org.codehaus.groovy.runtime.callsite.CallSiteArray.defaultCallCurrent(CallSiteArray.java:51)
at io.restassured.specification.ResponseSpecification$body$0.callCurrent(Unknown Source)
at io.restassured.internal.ResponseSpecificationImpl.body(ResponseSpecificationImpl.groovy:109)
at io.restassured.internal.ValidatableResponseOptionsImpl.body(ValidatableResponseOptionsImpl.java:244)
at io.restassured.internal.ValidatableResponseImpl.super$2$body(ValidatableResponseImpl.groovy)
at java.base/jdk.internal.reflect.NativeMethodAccessorImpl.invoke0(Native Method)
at java.base/jdk.internal.reflect.NativeMethodAccessorImpl.invoke(NativeMethodAccessorImpl.java:64)
at java.base/jdk.internal.reflect.DelegatingMethodAccessorImpl.invoke(DelegatingMethodAccessorImpl.java:43)
at java.base/java.lang.reflect.Method.invoke(Method.java:564)
at org.codehaus.groovy.reflection.CachedMethod.invoke(CachedMethod.java:107)
at groovy.lang.MetaMethod.doMethodInvoke(MetaMethod.java:323)
at groovy.lang.MetaClassImpl.invokeMethod(MetaClassImpl.java:1268)
at org.codehaus.groovy.runtime.ScriptBytecodeAdapter.invokeMethodOnSuperN(ScriptBytecodeAdapter.java:144)
at io.restassured.internal.ValidatableResponseImpl.body(ValidatableResponseImpl.groovy:298)
at io.restassured.internal.ValidatableResponseImpl.body(ValidatableResponseImpl.groovy)
at restassuredTest2.DummyJsonGetProduct1$DummyJsonGet.checkDesc(DummyJsonGetProduct1.java:107)
at java.base/jdk.internal.reflect.NativeMethodAccessorImpl.invoke0(Native Method)
at java.base/jdk.internal.reflect.NativeMethodAccessorImpl.invoke(NativeMethodAccessorImpl.java:64)
at java.base/jdk.internal.reflect.DelegatingMethodAccessorImpl.invoke(DelegatingMethodAccessorImpl.java:43)
at java.base/java.lang.reflect.Method.invoke(Method.java:564)
at org.testng.internal.invokers.MethodInvocationHelper.invokeMethod(MethodInvocationHelper.java:135)
at org.testng.internal.invokers.TestInvoker.invokeMethod(TestInvoker.java:673)
at org.testng.internal.invokers.TestInvoker.invokeTestMethod(TestInvoker.java:220)
at org.testng.internal.invokers.MethodRunner.runInSequence(MethodRunner.java:50)
at org.testng.internal.invokers.TestInvoker$MethodInvocationAgent.invoke(TestInvoker.java:945)
at org.testng.internal.invokers.TestInvoker.invokeTestMethods(TestInvoker.java:193)
at org.testng.internal.invokers.TestMethodWorker.invokeTestMethods(TestMethodWorker.java:146)
at org.testng.internal.invokers.TestMethodWorker.run(TestMethodWorker.java:128)
at java.base/java.util.ArrayList.forEach(ArrayList.java:1511)
at org.testng.TestRunner.privateRun(TestRunner.java:808)
at org.testng.TestRunner.run(TestRunner.java:603)
at org.testng.SuiteRunner.runTest(SuiteRunner.java:429)
at org.testng.SuiteRunner.runSequentially(SuiteRunner.java:423)
at org.testng.SuiteRunner.privateRun(SuiteRunner.java:383)
at org.testng.SuiteRunner.run(SuiteRunner.java:326)
at org.testng.SuiteRunnerWorker.runSuite(SuiteRunnerWorker.java:52)
at org.testng.SuiteRunnerWorker.run(SuiteRunnerWorker.java:95)
at org.testng.TestNG.runSuitesSequentially(TestNG.java:1249)
at org.testng.TestNG.runSuitesLocally(TestNG.java:1169)
at org.testng.TestNG.runSuites(TestNG.java:1092)
at org.testng.TestNG.run(TestNG.java:1060)
at org.testng.remote.AbstractRemoteTestNG.run(AbstractRemoteTestNG.java:115)
at org.testng.remote.RemoteTestNG.initAndRun(RemoteTestNG.java:251)
at org.testng.remote.RemoteTestNG.main(RemoteTestNG.java:77)
]]>
    </failure>
  </testcase> <!-- checkDesc -->
  <system-out/>
  <testcase classname="restassuredTest2.DummyJsonGetProduct1$DummyJsonGet" name="CheckBrand" time="2.307"/>
  <system-out/>
</testsuite> <!-- restassuredTest2.DummyJsonGetProduct1$DummyJsonGet -->
