<?xml version="1.0" encoding="UTF-8"?>
<!-- Generated by org.testng.reporters.JUnitXMLReporter -->
<testsuite ignored="0" hostname="LAPTOP-2D0MJJ4C" failures="0" tests="12" name="Test Basics 1" time="11.204" errors="0" timestamp="2022-12-20T16:02:38 IST">
  <testcase classname="restassuredTest2.DummyJsonGetProduct1$DummyJsonGet" name="CheckBrand" time="1.93"/>
  <testcase classname="restassuredTest2.DummyJsonGetProduct1$DummyJsonGet" name="CheckDiscountPercentage" time="0.787"/>
  <testcase classname="restassuredTest2.DummyJsonGetProduct1$DummyJsonGet" name="CheckRating" time="0.789"/>
  <testcase classname="restassuredTest2.DummyJsonGetProduct1$DummyJsonGet" name="CheckStock" time="0.77"/>
  <testcase classname="restassuredTest2.DummyJsonGetProduct1$DummyJsonGet" name="checkCategoryIgnoreCase" time="0.979"/>
  <testcase classname="restassuredTest2.DummyJsonGetProduct1$DummyJsonGet" name="checkDesc" time="0.918"/>
  <testcase classname="restassuredTest2.DummyJsonGetProduct1$DummyJsonGet" name="checkPrice" time="0.797"/>
  <testcase classname="restassuredTest2.DummyJsonGetProduct1$DummyJsonGet" name="checkStatusCode" time="0.791"/>
  <testcase classname="restassuredTest2.DummyJsonGetProduct1$DummyJsonGet" name="checkTitle" time="0.758"/>
  <testcase classname="restassuredTest2.DummyJsonGetProduct1$DummyJsonGet" name="checkTitleEndsWith" time="0.763"/>
  <testcase classname="restassuredTest2.DummyJsonGetProduct1$DummyJsonGet" name="checkTitleStartsWith" time="0.742"/>
  <testcase classname="restassuredTest2.DummyJsonGetProduct1$DummyJsonGet" name="checkTitlecontainString" time="0.75"/>
</testsuite> <!-- Test Basics 1 -->
