<?xml version="1.0" encoding="UTF-8"?>
<!-- Generated by org.testng.reporters.JUnitXMLReporter -->
<testsuite ignored="0" hostname="LAPTOP-2D0MJJ4C" failures="1" tests="13" name="Test dummyjson testcases" time="12.946" errors="0" timestamp="2025-09-21T19:01:31 IST">
  <testcase classname="restassuredTest2.DummyJsonGetProduct1$DummyJsonGet" name="CheckBrand" time="2.307"/>
  <testcase classname="restassuredTest2.DummyJsonGetProduct1$DummyJsonGet" name="CheckDiscountPercentage" time="0.286"/>
  <testcase classname="restassuredTest2.DummyJsonGetProduct1$DummyJsonGet" name="CheckRating" time="0.775"/>
  <testcase classname="restassuredTest2.DummyJsonGetProduct1$DummyJsonGet" name="CheckStock" time="0.822"/>
  <testcase classname="restassuredTest2.DummyJsonGetProduct1$DummyJsonGet" name="checkCategoryIgnoreCase" time="0.331"/>
  <testcase classname="restassuredTest2.DummyJsonGetProduct1$DummyJsonGet" name="checkDesc" time="1.345">
    <failure type="java.lang.AssertionError" message="1 expectation failed.
JSON path description doesn&amp;apos;t match.
Expected: iterable containing [&amp;quot;Essence&amp;quot;]
  Actual: The Essence Mascara Lash Princess is a popular mascara known for its volumizing and lengthening effects. Achieve dramatic lashes with this long-lasting and cruelty-free formula.
">
      <![CDATA[java.lang.AssertionError: 1 expectation failed.
JSON path description doesn't match.
Expected: iterable containing ["Essence"]
  Actual: The Essence Mascara Lash Princess is a popular mascara known for its volumizing and lengthening effects. Achieve dramatic lashes with this long-lasting and cruelty-free formula.

at org.codehaus.groovy.runtime.callsite.ConstructorSite$ConstructorSiteNoUnwrap.callConstructor(ConstructorSite.java:84)
at org.codehaus.groovy.runtime.callsite.CallSiteArray.defaultCallConstructor(CallSiteArray.java:59)
at org.codehaus.groovy.runtime.callsite.AbstractCallSite.callConstructor(AbstractCallSite.java:263)
at org.codehaus.groovy.runtime.callsite.AbstractCallSite.callConstructor(AbstractCallSite.java:277)
at io.restassured.internal.ResponseSpecificationImpl$HamcrestAssertionClosure.validate(ResponseSpecificationImpl.groovy:499)
at io.restassured.internal.ResponseSpecificationImpl$HamcrestAssertionClosure$validate$1.call(Unknown Source)
at io.restassured.internal.ResponseSpecificationImpl.validateResponseIfRequired(ResponseSpecificationImpl.groovy:684)
at org.codehaus.groovy.runtime.callsite.PlainObjectMetaMethodSite.doInvoke(PlainObjectMetaMethodSite.java:43)
at org.codehaus.groovy.runtime.callsite.PogoMetaMethodSite$PogoCachedMethodSiteNoUnwrapNoCoerce.invoke(PogoMetaMethodSite.java:193)
at org.codehaus.groovy.runtime.callsite.PogoMetaMethodSite.callCurrent(PogoMetaMethodSite.java:61)
at org.codehaus.groovy.runtime.callsite.AbstractCallSite.callCurrent(AbstractCallSite.java:185)
at io.restassured.internal.ResponseSpecificationImpl.body(ResponseSpecificationImpl.groovy:262)
at io.restassured.specification.ResponseSpecification$body$0.callCurrent(Unknown Source)
at org.codehaus.groovy.runtime.callsite.CallSiteArray.defaultCallCurrent(CallSiteArray.java:51)
at io.restassured.specification.ResponseSpecification$body$0.callCurrent(Unknown Source)
at io.restassured.internal.ResponseSpecificationImpl.body(ResponseSpecificationImpl.groovy:109)
at io.restassured.internal.ValidatableResponseOptionsImpl.body(ValidatableResponseOptionsImpl.java:244)
at io.restassured.internal.ValidatableResponseImpl.super$2$body(ValidatableResponseImpl.groovy)
at groovy.lang.MetaMethod.doMethodInvoke(MetaMethod.java:323)
at groovy.lang.MetaClassImpl.invokeMethod(MetaClassImpl.java:1268)
at org.codehaus.groovy.runtime.ScriptBytecodeAdapter.invokeMethodOnSuperN(ScriptBytecodeAdapter.java:144)
at io.restassured.internal.ValidatableResponseImpl.body(ValidatableResponseImpl.groovy:298)
at io.restassured.internal.ValidatableResponseImpl.body(ValidatableResponseImpl.groovy)
at restassuredTest2.DummyJsonGetProduct1$DummyJsonGet.checkDesc(DummyJsonGetProduct1.java:107)
at java.base/java.util.ArrayList.forEach(ArrayList.java:1511)
... Removed 43 stack frames]]>
    </failure>
  </testcase> <!-- checkDesc -->
  <testcase classname="restassuredTest2.DummyJsonGetProduct1$DummyJsonGet" name="checkPrice" time="0.296"/>
  <testcase classname="restassuredTest2.DummyJsonGetProduct1$DummyJsonGet" name="checkStatusCode" time="0.732"/>
  <testcase classname="restassuredTest2.DummyJsonGetProduct1$DummyJsonGet" name="checkTitle" time="0.739"/>
  <testcase classname="restassuredTest2.DummyJsonGetProduct1$DummyJsonGet" name="checkTitleEndsWith" time="0.829"/>
  <testcase classname="restassuredTest2.DummyJsonGetProduct1$DummyJsonGet" name="checkTitleStartsWith" time="2.106"/>
  <testcase classname="restassuredTest2.DummyJsonGetProduct1$DummyJsonGet" name="checkTitlecontainString" time="0.836"/>
  <testcase classname="restassuredTest2.DummyJsonGetProduct1$DummyJsonGet" name="checkwithResponse" time="0.797"/>
</testsuite> <!-- Test dummyjson testcases -->
