<?xml version="1.0" encoding="UTF-8"?>
<!-- Generated by org.testng.reporters.JUnitXMLReporter -->
<testsuite ignored="0" hostname="LAPTOP-2D0MJJ4C" failures="0" tests="3" name="Test Basics 2" time="2.363" errors="0" timestamp="2022-12-20T16:02:40 IST">
  <testcase classname="restassuredTest2.DummyJsonGet" name="checkStatusCode" time="0.772"/>
  <testcase classname="restassuredTest2.DummyJsonGet" name="checkTitle" time="0.8"/>
  <testcase classname="restassuredTest2.DummyJsonGet" name="checkwithResponse" time="0.787"/>
</testsuite> <!-- Test Basics 2 -->
